VCD info: dumpfile spi_max7219.vcd opened for output.
VCD warning: $dumpvars: Package ($unit) is not dumpable with VCD.


  [23] 0000000100000000
  [22] 0000001000000000
  [21] 0000010000000000
  [20] 0000100000000000
  [19] 0001000000000000
  [18] 0010000000000000
  [17] 0100000000000000
  [16] 1000000000000000
  [15] 0000000000000001
  [14] 0000000000000010
  [13] 0000000000000100
  [12] 0000000000001000
  [11] 0000000000010000
  [10] 0000000000100000
  [09] 0000000001000000
  [08] 0000000010000000
  [07] 0000000100000000
  [06] 0000001000000000
  [05] 0000010000000000
  [04] 0000100000000000
  [03] 0001000000000000
  [02] 0010000000000000
  [01] 0100000000000000
  [00] 1000000000000000


  [07] xxxxzzzz00000001xxxxzzzz00000000xxxxzzzz00000000xxxxzzzz00000001xxxxzzzz00000001xxxxzzzz00000000
  [06] xxxxzzzz00000010xxxxzzzz00000000xxxxzzzz00000000xxxxzzzz00000010xxxxzzzz00000010xxxxzzzz00000000
  [05] xxxxzzzz00000100xxxxzzzz00000000xxxxzzzz00000000xxxxzzzz00000100xxxxzzzz00000100xxxxzzzz00000000
  [04] xxxxzzzz00001000xxxxzzzz00000000xxxxzzzz00000000xxxxzzzz00001000xxxxzzzz00001000xxxxzzzz00000000
  [03] xxxxzzzz00010000xxxxzzzz00000000xxxxzzzz00000000xxxxzzzz00010000xxxxzzzz00010000xxxxzzzz00000000
  [02] xxxxzzzz00100000xxxxzzzz00000000xxxxzzzz00000000xxxxzzzz00100000xxxxzzzz00100000xxxxzzzz00000000
  [01] xxxxzzzz01000000xxxxzzzz00000000xxxxzzzz00000000xxxxzzzz01000000xxxxzzzz01000000xxxxzzzz00000000
  [00] xxxxzzzz10000000xxxxzzzz00000000xxxxzzzz00000000xxxxzzzz10000000xxxxzzzz10000000xxxxzzzz00000000
tb/spi_max7219_tb.sv:67: $finish called at 274000 (1ps)
